2025-03-09 15:51:08 INFO - Processing file: C:\\temp3\ABCD-202503091441.uds.txt
2025-03-09 15:51:08 DEBUG - Conversion result: 1 17
2025-03-09 15:51:08 ERROR - Mismatch Tx and Rx 0790, AngleOffsetDelay Fail
2025-03-09 15:51:08 DEBUG - Conversion result: 0 0 0 0 236
2025-03-09 15:51:08 DEBUG - Conversion result: 0 0 0 0 0 246
2025-03-09 15:51:08 DEBUG - Conversion result: 0 0 0 0 0 0 160
2025-03-09 15:51:08 DEBUG - Conversion result: 0 0 0 0 0 0 0 180
2025-03-09 15:51:08 ERROR - Mismatch Tx and Rx 0790, ControllerTempMinCut Fail
2025-03-09 15:51:08 DEBUG - Conversion result: 0 0 0 0 0 0 0 0 0 236
2025-03-09 15:51:08 DEBUG - Conversion result: 0 0 0 0 0 0 0 0 0 0 80
2025-03-09 15:51:08 DEBUG - Conversion result: 0 0 0 0 0 0 0 0 0 0 0 165
2025-03-09 15:51:08 ERROR - Mismatch Tx and Rx 0790, CoolingPlateTempMinCut Fail
2025-03-09 15:51:08 DEBUG - Conversion result: 0 0 0 0 0 0 0 0 0 0 0 0 0 246
2025-03-09 15:51:08 DEBUG - Conversion result: 0 0 0 0 0 0 0 0 0 0 0 0 0 0 80
2025-03-09 15:51:08 ERROR - Mismatch Tx and Rx 0790, CoolingPlateTempMaxCut Fail
2025-03-09 15:51:08 DEBUG - Conversion result: 0 0 0 0 0 0 0 0 0 0 0 0 0 0 0 0 0 220
2025-03-09 15:51:08 DEBUG - Conversion result: 0 0 0 0 0 0 0 0 0 0 0 0 0 0 0 0 0 0 0 250
2025-03-09 15:51:08 DEBUG - Conversion result: 0 0 0 0 0 0 0 0 0 0 0 0 0 0 0 0 0 0 0 0 1 109
2025-03-09 15:51:08 DEBUG - Conversion result: 0 0 0 0 0 0 0 0 0 0 0 0 0 0 0 0 0 0 0 0 0 0 1 114
2025-03-09 15:51:08 DEBUG - Conversion result: 0 0 0 0 0 0 0 0 0 0 0 0 0 0 0 0 0 0 0 0 0 0 0 0 1
2025-03-09 15:51:08 DEBUG - Conversion result: 0 0 0 0 0 0 0 0 0 0 0 0 0 0 0 0 0 0 0 0 0 0 0 0 0 105
2025-03-09 15:51:08 DEBUG - Conversion result: 0 0 0 0 0 0 0 0 0 0 0 0 0 0 0 0 0 0 0 0 0 0 0 0 0 0 1
2025-03-09 15:51:08 DEBUG - Conversion result: 0 0 0 0 0 0 0 0 0 0 0 0 0 0 0 0 0 0 0 0 0 0 0 0 0 0 0 255 151
2025-03-09 15:51:08 DEBUG - Conversion result: 0 0 0 0 0 0 0 0 0 0 0 0 0 0 0 0 0 0 0 0 0 0 0 0 0 0 0 0 0 1
2025-03-09 15:51:08 ERROR - Mismatch Tx and Rx 0790, MaxBusVoltageLimit Fail
2025-03-09 15:51:08 ERROR - Mismatch Tx and Rx 0790, MinBusVoltageLimitActivation Fail
2025-03-09 15:51:08 ERROR - Mismatch Tx and Rx 0790, MinBusVoltageLimit Fail
2025-03-09 15:51:08 ERROR - Mismatch Tx and Rx 0790, BatteryMaximumCurrent Fail
2025-03-09 15:51:08 ERROR - Mismatch Tx and Rx 0790, Bus_Under_Voltage Fail
2025-03-09 15:51:08 ERROR - Mismatch Tx and Rx 0790, Bus_Over_Voltage Fail
2025-03-09 15:51:08 DEBUG - Creating folder at: Logs\P212MCUIRAHD017
2025-03-09 15:51:08 INFO - F181 Read Data By Identifier: Converted result: [93mP212MCUIRAHD017[0m, Raw Values:  [93m50 32 31 32 4D 43 55 49 52 41 48 44 30 31 37
