2025-08-13 12:31:16 [INFO] - F18B ECU Manufacturing Date Matching Tx and Rx, Converted: 30 12 8 233  Pass
2025-08-13 12:31:16 [INFO] - F18C ECU Serial Number Matching Tx and Rx, Converted: IRPSYSTEMS127  Pass
2025-08-13 12:31:16 [INFO] - 0100 Model number Matching Tx and Rx, Converted: IRPModelNumber0003  Pass
2025-08-13 12:31:16 [INFO] - F190 VIN-Vehicle Identification Number Matching Tx and Rx, Converted: 123ABC456DEF789GE  Pass
2025-08-13 12:31:16 [INFO] - F197 System Name/Engine Type Matching Tx and Rx, Converted: SystemNameIRP000  Pass
2025-08-13 12:31:16 [INFO] - F198 Repair Shop Code/Tester Serial Number Matching Tx and Rx, Converted: i am a testet  Pass
2025-08-13 12:31:16 [INFO] - F199 Programming Date Matching Tx and Rx, Converted: 150325  Pass
2025-08-13 12:31:16 [INFO] - F19D ECU Installation Date Matching Tx and Rx, Converted: 150325  Pass
2025-08-13 12:31:16 [INFO] - 0101 Variant Code Matching Tx and Rx, Converted: 1  Pass
2025-08-13 12:31:16 [INFO] - 1500 MCU EOL Calibration / Resolver Offset Calibration information Matching Tx and Rx, Converted: 4448  Pass
2025-08-13 12:31:16 [INFO] - 0102 Feature Code Matching Tx and Rx, Converted: 1  Pass
2025-08-13 12:31:16 [INFO] - 23F9 Wakeup Wait Timer Matching Tx and Rx, Converted: 400  Pass
2025-08-13 12:31:16 [INFO] - 23FA Wakeup Sync Timer Matching Tx and Rx, Converted: 60  Pass
2025-08-13 12:31:16 [INFO] - 23FC Normal Min Timeout Timer Matching Tx and Rx, Converted: 50  Pass
2025-08-13 12:31:16 [INFO] - 23FB Sleep Wait Timer Matching Tx and Rx, Converted: 700  Pass
2025-08-13 12:31:16 [ERROR] - F190 Negative Response: SID=Write Data By Identifier, NRC=General Programming Failure
2025-08-13 12:31:16 [ERROR] - F190 No response from ECU detected at # 13/08/2025 12:28:24
2025-08-13 12:31:16 [WARNING] - 0300 Diagnostic Session Control 
2025-08-13 12:31:16 [WARNING] - 01FB Security Access 
2025-08-13 12:31:16 [INFO] - F180 Boot Software Identification Read Data By Identifier, Converted result: P212MCUIRBHD005, Raw Values: 50 32 31 32 4D 43 55 49 52 42 48 44 30 30 35
2025-08-13 12:31:16 [INFO] - F181 Application Software Identification Read Data By Identifier, Converted result: P212MCUIRAHD031, Raw Values: 50 32 31 32 4D 43 55 49 52 41 48 44 30 33 31
2025-08-13 12:31:16 [INFO] - F182 Application Data Identification Read Data By Identifier, Converted result: P212MCUIRDHD005, Raw Values: 50 32 31 32 4D 43 55 49 52 44 48 44 30 30 35
2025-08-13 12:31:16 [INFO] - F187 Vehicle Manufacturer spare part number Read Data By Identifier, Converted result: HD80-300A00, Raw Values: 48 44 38 30 2D 33 30 30 41 30 30 00 00 00 00 00
2025-08-13 12:31:16 [INFO] - F18A System Supplier Identifier Read Data By Identifier, Converted result: IRP_SYSTEMS, Raw Values: 49 52 50 5F 53 59 53 54 45 4D 53 00 00 00 00 00
2025-08-13 12:31:16 [INFO] - F193 System Supplier ECU Hardware Version Number Read Data By Identifier, Converted result: HW01, Raw Values: 48 57 30 31
2025-08-13 12:31:16 [DEBUG] - Creating folder at: Logs\03.01.14
2025-08-13 12:31:16 [INFO] - F195 System Supplier ECU Software Version Number Read Data By Identifier, Converted result: 03.01.14, Raw Values: 30 33 2E 30 31 2E 31 34
2025-08-13 12:31:16 [INFO] - F1F0 System Supplier part number Read Data By Identifier, Converted result: HD80-300A00, Raw Values: 48 44 38 30 2D 33 30 30 41 30 30 00 00
2025-08-13 12:31:16 [INFO] - 0304 Access Timing Parameters Read Data By Identifier, Converted result: 210 17 215 12 34 86, Raw Values: D2 11 D7 0C 22 56
2025-08-13 12:31:16 [INFO] - F186 Active Diagnostic Session Read Data By Identifier, Converted result: 3, Raw Values: 03
2025-08-13 12:31:16 [INFO] - 0303 Security level Read Data By Identifier, Converted result: 1, Raw Values: 01
2025-08-13 12:31:16 [INFO] - 0201 HISTORY ZONE Read Data By Identifier, Converted result: 1 2 77 67 85 65 67 84 48 48 77 67 85 65 67 84 48 48 28 10 7 233 10 30, Raw Values: 00 01 02 4D 43 55 41 43 54 30 30 4D 43 55 41 43 54 30 30 1C 0A 07 E9 0A 1E 00 00 00 00 00 00 00 00 00 00 00 00 00 00 00 00 00 00 00 00 00 00 00 00 00 00 00 00 00 00 00 00 00 00 00 00 00 00 00 00 00 00 00 00 00 00 00 00 00 00 00 00 00 00 00 00 00 00 00 00 00 00 00 00 00 00 00 00 00 00 00 00 00 00 00 00 00 00 00 00 00 00 00 00 00 00 00 00 00 00 00 00 00 00 00 00 00 00 00 00
2025-08-13 12:31:16 [INFO] - F1D4 Network Management Enable Read Data By Identifier, Converted result: 1, Raw Values: 01
2025-08-13 12:31:16 [INFO] - F1B9 Snapshot Data Read Data By Identifier, Converted result: 234, Raw Values: 00 00 00 EA 00 00 00
2025-08-13 12:31:16 [INFO] - 078E Freeze Frame Data Read Data By Identifier, Converted result: 11 184 56 164 9 245 76 11 184 11 184 93 7 208 7 208 7 208 121 2 6 50 74 245 16 51 51 51 51 51 51 51 51, Raw Values: 0B B8 38 A4 09 F5 4C 00 00 0B B8 0B B8 00 00 00 00 00 00 5D 07 D0 07 D0 07 D0 00 00 79 00 00 02 06 00 32 4A F5 00 00 00 00 00 10 33 33 33 33 33 33 33 33
2025-08-13 12:31:16 [INFO] - 0200 BOOT FLAG Read Data By Identifier, Converted result: 1, Raw Values: 01
2025-08-13 12:31:16 [INFO] - 249C DTC Enable/Disable  Read Data By Identifier, Converted result: 0, Raw Values: 00 00 00 00 00 00 00 00 00 00 00 00 00 00 00 00
