2025-03-05 15:10:26 INFO - Processing file: C:\\temp3\ABCD-202503051508.uds.txt
2025-03-05 15:10:26 DEBUG - Conversion result: 5
2025-03-05 15:10:26 DEBUG - Conversion result: 0 5
2025-03-05 15:10:26 DEBUG - Conversion result: 0 0 10
2025-03-05 15:10:26 DEBUG - Conversion result: 0 0 0 10
2025-03-05 15:10:26 DEBUG - Conversion result: 0 0 0 0 5
2025-03-05 15:10:26 DEBUG - Conversion result: 0 0 0 0 0 10
2025-03-05 15:10:26 DEBUG - Conversion result: 0 0 0 0 0 0 10
2025-03-05 15:10:26 DEBUG - Conversion result: 0 0 0 0 0 0 0 10
2025-03-05 15:10:26 DEBUG - Conversion result: 0 0 0 0 0 0 0 0 10
2025-03-05 15:10:26 DEBUG - Conversion result: 0 0 0 0 0 0 0 0 0 10
2025-03-05 15:10:26 DEBUG - Conversion result: 0 0 0 0 0 0 0 0 0 0 5
2025-03-05 15:10:26 DEBUG - Conversion result: 0 0 0 0 0 0 0 0 0 0 0 5
2025-03-05 15:10:26 DEBUG - Conversion result: 0 0 0 0 0 0 0 0 0 0 0 0 10
2025-03-05 15:10:26 DEBUG - Conversion result: 0 0 0 0 0 0 0 0 0 0 0 0 0 10
2025-03-05 15:10:26 DEBUG - Conversion result: 0 0 0 0 0 0 0 0 0 0 0 0 0 0 5
2025-03-05 15:10:26 DEBUG - Conversion result: 0 0 0 0 0 0 0 0 0 0 0 0 0 0 0 5
2025-03-05 15:10:26 DEBUG - Conversion result: 0 0 0 0 0 0 0 0 0 0 0 0 0 0 0 0 10
2025-03-05 15:10:26 DEBUG - Conversion result: 0 0 0 0 0 0 0 0 0 0 0 0 0 0 0 0 0 5
2025-03-05 15:10:26 DEBUG - Conversion result: 0 0 0 0 0 0 0 0 0 0 0 0 0 0 0 0 0 0 5
2025-03-05 15:10:26 DEBUG - Conversion result: 0 0 0 0 0 0 0 0 0 0 0 0 0 0 0 0 0 0 0 5
2025-03-05 15:10:26 DEBUG - Conversion result: 0 0 0 0 0 0 0 0 0 0 0 0 0 0 0 0 0 0 0 0 5
2025-03-05 15:10:26 DEBUG - Conversion result: 0 0 0 0 0 0 0 0 0 0 0 0 0 0 0 0 0 0 0 0 0 10
2025-03-05 15:10:26 DEBUG - Conversion result: 0 0 0 0 0 0 0 0 0 0 0 0 0 0 0 0 0 0 0 0 0 0 10
2025-03-05 15:10:26 DEBUG - Conversion result: 0 0 0 0 0 0 0 0 0 0 0 0 0 0 0 0 0 0 0 0 0 0 0 5
2025-03-05 15:10:26 DEBUG - Conversion result: 0 0 0 0 0 0 0 0 0 0 0 0 0 0 0 0 0 0 0 0 0 0 0 0 5
2025-03-05 15:10:26 DEBUG - Conversion result: 0 0 0 0 0 0 0 0 0 0 0 0 0 0 0 0 0 0 0 0 0 0 0 0 0 10
2025-03-05 15:10:26 DEBUG - Conversion result: 0 0 0 0 0 0 0 0 0 0 0 0 0 0 0 0 0 0 0 0 0 0 0 0 0 0 10
2025-03-05 15:10:26 DEBUG - Conversion result: 0 0 0 0 0 0 0 0 0 0 0 0 0 0 0 0 0 0 0 0 0 0 0 0 0 0 0 5
2025-03-05 15:10:26 DEBUG - Conversion result: 0 0 0 0 0 0 0 0 0 0 0 0 0 0 0 0 0 0 0 0 0 0 0 0 0 0 0 0 5
2025-03-05 15:10:26 DEBUG - Conversion result: 0 0 0 0 0 0 0 0 0 0 0 0 0 0 0 0 0 0 0 0 0 0 0 0 0 0 0 0 0 5
2025-03-05 15:10:26 DEBUG - Conversion result: 0 0 0 0 0 0 0 0 0 0 0 0 0 0 0 0 0 0 0 0 0 0 0 0 0 0 0 0 0 0 5
2025-03-05 15:10:26 DEBUG - Conversion result: 0 0 0 0 0 0 0 0 0 0 0 0 0 0 0 0 0 0 0 0 0 0 0 0 0 0 0 0 0 0 0 10
2025-03-05 15:10:26 DEBUG - Conversion result: 0 0 0 0 0 0 0 0 0 0 0 0 0 0 0 0 0 0 0 0 0 0 0 0 0 0 0 0 0 0 0 0 10
2025-03-05 15:10:26 DEBUG - Conversion result: 0 0 0 0 0 0 0 0 0 0 0 0 0 0 0 0 0 0 0 0 0 0 0 0 0 0 0 0 0 0 0 0 0 5
2025-03-05 15:10:26 DEBUG - Conversion result: 0 0 0 0 0 0 0 0 0 0 0 0 0 0 0 0 0 0 0 0 0 0 0 0 0 0 0 0 0 0 0 0 0 0 10
2025-03-05 15:10:26 DEBUG - Conversion result: 0 0 0 0 0 0 0 0 0 0 0 0 0 0 0 0 0 0 0 0 0 0 0 0 0 0 0 0 0 0 0 0 0 0 0 5
2025-03-05 15:10:26 DEBUG - Conversion result: 0 0 0 0 0 0 0 0 0 0 0 0 0 0 0 0 0 0 0 0 0 0 0 0 0 0 0 0 0 0 0 0 0 0 0 0 10
2025-03-05 15:10:26 DEBUG - Conversion result: 0 0 0 0 0 0 0 0 0 0 0 0 0 0 0 0 0 0 0 0 0 0 0 0 0 0 0 0 0 0 0 0 0 0 0 0 0 5
2025-03-05 15:10:26 DEBUG - Conversion result: 0 0 0 0 0 0 0 0 0 0 0 0 0 0 0 0 0 0 0 0 0 0 0 0 0 0 0 0 0 0 0 0 0 0 0 0 0 0 10
2025-03-05 15:10:26 DEBUG - Creating folder at: Logs\P212MCUIRAHD018
2025-03-05 15:10:26 INFO - F181 Read Data By Identifier: Converted result: [93mP212MCUIRAHD018[0m
