2025-09-04 21:04:31 [ERROR] - VCU3_100 Timeout, Mismatch Tx and Rx F1D2, Fail
2025-09-04 21:04:31 [ERROR] - VCU3_100 Healing Time Threshold, Mismatch Tx and Rx F1D2, Fail
2025-09-04 21:04:31 [ERROR] - VCU5_500 Timeout, Mismatch Tx and Rx F1D2, Fail
2025-09-04 21:04:31 [ERROR] - VCU5_500 Healing Time, Mismatch Tx and Rx F1D2, Fail
2025-09-04 21:04:31 [ERROR] - VCU8_10 Timeout, Mismatch Tx and Rx F1D2, Fail
2025-09-04 21:04:31 [ERROR] - VCU8_10 Healing Time, Mismatch Tx and Rx F1D2, Fail
2025-09-04 21:04:31 [ERROR] - VCU9_10 Timeout, Mismatch Tx and Rx F1D2, Fail
2025-09-04 21:04:31 [ERROR] - VCU9_10 Healing Time, Mismatch Tx and Rx F1D2, Fail
2025-09-04 21:04:31 [ERROR] - VCU14_20 Timeout, Mismatch Tx and Rx F1D2, Fail
2025-09-04 21:04:31 [ERROR] - VCU14_20 Healing Time, Mismatch Tx and Rx F1D2, Fail
2025-09-04 21:04:31 [ERROR] - VCU17_500 Timeout , Mismatch Tx and Rx F1D2, Fail
2025-09-04 21:04:31 [ERROR] - VCU17_500 Healing Time, Mismatch Tx and Rx F1D2, Fail
2025-09-04 21:04:31 [ERROR] - BMS6_10 Timeout, Mismatch Tx and Rx F1D2, Fail
2025-09-04 21:04:31 [ERROR] - BMS6_10 Healing Time, Mismatch Tx and Rx F1D2, Fail
2025-09-04 21:04:31 [ERROR] - F1D2 Negative Response: SID=Write Data By Identifier, NRC=Incorrect Message Length Or Invalid Format
2025-09-04 21:04:31 [ERROR] - F1D2 No response from ECU detected at # 04/09/2025 21:03:10
2025-09-04 21:04:31 [ERROR] - F1D2 Negative Response: SID=Write Data By Identifier, NRC=Incorrect Message Length Or Invalid Format
2025-09-04 21:04:31 [ERROR] - F1D2 No response from ECU detected at # 04/09/2025 21:03:13
2025-09-04 21:04:31 [ERROR] - F1D2 Negative Response: SID=Write Data By Identifier, NRC=Incorrect Message Length Or Invalid Format
2025-09-04 21:04:31 [ERROR] - F1D2 No response from ECU detected at # 04/09/2025 21:03:15
2025-09-04 21:04:31 [ERROR] - F1D2 Negative Response: SID=Write Data By Identifier, NRC=Incorrect Message Length Or Invalid Format
2025-09-04 21:04:31 [ERROR] - F1D2 No response from ECU detected at # 04/09/2025 21:03:17
2025-09-04 21:04:31 [ERROR] - F1D2 Negative Response: SID=Write Data By Identifier, NRC=Incorrect Message Length Or Invalid Format
2025-09-04 21:04:31 [ERROR] - F1D2 No response from ECU detected at # 04/09/2025 21:03:19
2025-09-04 21:04:31 [ERROR] - F1D2 Negative Response: SID=Write Data By Identifier, NRC=Incorrect Message Length Or Invalid Format
2025-09-04 21:04:31 [ERROR] - F1D2 No response from ECU detected at # 04/09/2025 21:03:22
2025-09-04 21:04:31 [ERROR] - F1D2 Negative Response: SID=Write Data By Identifier, NRC=Incorrect Message Length Or Invalid Format
2025-09-04 21:04:31 [ERROR] - F1D2 No response from ECU detected at # 04/09/2025 21:03:24
2025-09-04 21:04:31 [ERROR] - F1D2 Negative Response: SID=Write Data By Identifier, NRC=Incorrect Message Length Or Invalid Format
2025-09-04 21:04:31 [ERROR] - F1D2 No response from ECU detected at # 04/09/2025 21:03:26
2025-09-04 21:04:31 [ERROR] - F1D2 Negative Response: SID=Write Data By Identifier, NRC=Incorrect Message Length Or Invalid Format
2025-09-04 21:04:31 [ERROR] - F1D2 No response from ECU detected at # 04/09/2025 21:03:28
2025-09-04 21:04:31 [ERROR] - F1D2 Negative Response: SID=Write Data By Identifier, NRC=Incorrect Message Length Or Invalid Format
2025-09-04 21:04:31 [ERROR] - F1D2 No response from ECU detected at # 04/09/2025 21:03:31
2025-09-04 21:04:31 [ERROR] - F1D2 Negative Response: SID=Write Data By Identifier, NRC=Incorrect Message Length Or Invalid Format
2025-09-04 21:04:31 [ERROR] - F1D2 No response from ECU detected at # 04/09/2025 21:03:33
2025-09-04 21:04:31 [ERROR] - F1D2 Negative Response: SID=Write Data By Identifier, NRC=Incorrect Message Length Or Invalid Format
2025-09-04 21:04:31 [ERROR] - F1D2 No response from ECU detected at # 04/09/2025 21:03:35
2025-09-04 21:04:31 [ERROR] - F1D2 Negative Response: SID=Write Data By Identifier, NRC=Incorrect Message Length Or Invalid Format
2025-09-04 21:04:31 [ERROR] - F1D2 No response from ECU detected at # 04/09/2025 21:03:38
2025-09-04 21:04:31 [ERROR] - F1D2 Negative Response: SID=Write Data By Identifier, NRC=Incorrect Message Length Or Invalid Format
2025-09-04 21:04:31 [ERROR] - F1D2 No response from ECU detected at # 04/09/2025 21:03:40
2025-09-04 21:04:31 [DEBUG] - Creating folder at: Logs\03.01.18
2025-09-04 21:04:31 [WARNING] - 0300 Diagnostic Session Control 
2025-09-04 21:04:31 [WARNING] - 01FF Security Access 
